<?xml version="1.0" encoding="UTF-8" ?>
<testsuite tests="6" failures="0" name="stepDefinition.RunCucumberTest" time="0.224" errors="0" skipped="5">
  <properties>
[...]
</properties>
  <testcase classname="Scenario: Amazon search with scenario" name="Given user launches Amazon webapp" time="0.034">
    <skipped/>
  </testcase>
  <testcase classname="Scenario: Amazon search with scenario" name="When user clicks on agree" time="0.034">
    <skipped/>
  </testcase>
  <testcase classname="Scenario: Amazon search with scenario" name="And enter button and search &quot;sony wall mount bracket&quot;" time="0.039">
    <skipped/>
  </testcase>
  <testcase classname="Scenario: Amazon search with scenario" name="Then results retrieved should contain the &quot;sony wall mount bracket&quot; used" time="0.039">
    <skipped/>
  </testcase>
  <testcase classname="Scenario: Amazon search with scenario" name="Scenario: Amazon search with scenario" time="0.039">
    <skipped/>
  </testcase>
  <testcase classname="Scenario: Amazon search with scenario" name="Scenario: Amazon search with scenario" time="0.039"/>
</testsuite>